                                 Started job on |	Apr 19 15:02:04
                             Started mapping on |	Apr 19 15:02:08
                                    Finished on |	Apr 19 15:07:54
       Mapping speed, Million of reads per hour |	61.53

                          Number of input reads |	5913325
                      Average input read length |	89
                                    UNIQUE READS:
                   Uniquely mapped reads number |	2791867
                        Uniquely mapped reads % |	47.21%
                          Average mapped length |	80.93
                       Number of splices: Total |	284573
            Number of splices: Annotated (sjdb) |	275447
                       Number of splices: GT/AG |	280722
                       Number of splices: GC/AG |	1889
                       Number of splices: AT/AC |	193
               Number of splices: Non-canonical |	1769
                      Mismatch rate per base, % |	1.45%
                         Deletion rate per base |	0.04%
                        Deletion average length |	1.96
                        Insertion rate per base |	0.02%
                       Insertion average length |	1.78
                             MULTI-MAPPING READS:
        Number of reads mapped to multiple loci |	453028
             % of reads mapped to multiple loci |	7.66%
        Number of reads mapped to too many loci |	8235
             % of reads mapped to too many loci |	0.14%
                                  UNMAPPED READS:
  Number of reads unmapped: too many mismatches |	1794
       % of reads unmapped: too many mismatches |	0.03%
            Number of reads unmapped: too short |	2657732
                 % of reads unmapped: too short |	44.94%
                Number of reads unmapped: other |	669
                     % of reads unmapped: other |	0.01%
                                  CHIMERIC READS:
                       Number of chimeric reads |	0
                            % of chimeric reads |	0.00%
