                                 Started job on |	Apr 19 15:07:55
                             Started mapping on |	Apr 19 15:07:59
                                    Finished on |	Apr 19 15:12:59
       Mapping speed, Million of reads per hour |	57.18

                          Number of input reads |	4764660
                      Average input read length |	91
                                    UNIQUE READS:
                   Uniquely mapped reads number |	2498262
                        Uniquely mapped reads % |	52.43%
                          Average mapped length |	81.09
                       Number of splices: Total |	122906
            Number of splices: Annotated (sjdb) |	117925
                       Number of splices: GT/AG |	121333
                       Number of splices: GC/AG |	835
                       Number of splices: AT/AC |	137
               Number of splices: Non-canonical |	601
                      Mismatch rate per base, % |	1.30%
                         Deletion rate per base |	0.03%
                        Deletion average length |	2.01
                        Insertion rate per base |	0.02%
                       Insertion average length |	1.79
                             MULTI-MAPPING READS:
        Number of reads mapped to multiple loci |	497991
             % of reads mapped to multiple loci |	10.45%
        Number of reads mapped to too many loci |	9326
             % of reads mapped to too many loci |	0.20%
                                  UNMAPPED READS:
  Number of reads unmapped: too many mismatches |	1013
       % of reads unmapped: too many mismatches |	0.02%
            Number of reads unmapped: too short |	1757580
                 % of reads unmapped: too short |	36.89%
                Number of reads unmapped: other |	488
                     % of reads unmapped: other |	0.01%
                                  CHIMERIC READS:
                       Number of chimeric reads |	0
                            % of chimeric reads |	0.00%
