                                 Started job on |	Apr 26 10:08:56
                             Started mapping on |	Apr 26 10:09:17
                                    Finished on |	Apr 26 10:16:19
       Mapping speed, Million of reads per hour |	44.26

                          Number of input reads |	5188555
                      Average input read length |	90
                                    UNIQUE READS:
                   Uniquely mapped reads number |	1457582
                        Uniquely mapped reads % |	28.09%
                          Average mapped length |	81.27
                       Number of splices: Total |	157765
            Number of splices: Annotated (sjdb) |	152310
                       Number of splices: GT/AG |	155776
                       Number of splices: GC/AG |	960
                       Number of splices: AT/AC |	87
               Number of splices: Non-canonical |	942
                      Mismatch rate per base, % |	1.47%
                         Deletion rate per base |	0.04%
                        Deletion average length |	1.97
                        Insertion rate per base |	0.02%
                       Insertion average length |	1.80
                             MULTI-MAPPING READS:
        Number of reads mapped to multiple loci |	255823
             % of reads mapped to multiple loci |	4.93%
        Number of reads mapped to too many loci |	3539
             % of reads mapped to too many loci |	0.07%
                                  UNMAPPED READS:
  Number of reads unmapped: too many mismatches |	1237
       % of reads unmapped: too many mismatches |	0.02%
            Number of reads unmapped: too short |	3469971
                 % of reads unmapped: too short |	66.88%
                Number of reads unmapped: other |	403
                     % of reads unmapped: other |	0.01%
                                  CHIMERIC READS:
                       Number of chimeric reads |	0
                            % of chimeric reads |	0.00%
