                                 Started job on |	Apr 19 15:22:00
                             Started mapping on |	Apr 19 15:22:04
                                    Finished on |	Apr 19 15:26:44
       Mapping speed, Million of reads per hour |	65.26

                          Number of input reads |	5076043
                      Average input read length |	91
                                    UNIQUE READS:
                   Uniquely mapped reads number |	2577230
                        Uniquely mapped reads % |	50.77%
                          Average mapped length |	82.67
                       Number of splices: Total |	338182
            Number of splices: Annotated (sjdb) |	325246
                       Number of splices: GT/AG |	333708
                       Number of splices: GC/AG |	2206
                       Number of splices: AT/AC |	241
               Number of splices: Non-canonical |	2027
                      Mismatch rate per base, % |	1.58%
                         Deletion rate per base |	0.05%
                        Deletion average length |	1.97
                        Insertion rate per base |	0.03%
                       Insertion average length |	1.82
                             MULTI-MAPPING READS:
        Number of reads mapped to multiple loci |	462611
             % of reads mapped to multiple loci |	9.11%
        Number of reads mapped to too many loci |	7322
             % of reads mapped to too many loci |	0.14%
                                  UNMAPPED READS:
  Number of reads unmapped: too many mismatches |	1426
       % of reads unmapped: too many mismatches |	0.03%
            Number of reads unmapped: too short |	2026831
                 % of reads unmapped: too short |	39.93%
                Number of reads unmapped: other |	623
                     % of reads unmapped: other |	0.01%
                                  CHIMERIC READS:
                       Number of chimeric reads |	0
                            % of chimeric reads |	0.00%
