                                 Started job on |	Apr 19 15:34:36
                             Started mapping on |	Apr 19 15:34:40
                                    Finished on |	Apr 19 15:38:02
       Mapping speed, Million of reads per hour |	72.89

                          Number of input reads |	4089966
                      Average input read length |	90
                                    UNIQUE READS:
                   Uniquely mapped reads number |	2218799
                        Uniquely mapped reads % |	54.25%
                          Average mapped length |	81.56
                       Number of splices: Total |	218022
            Number of splices: Annotated (sjdb) |	209674
                       Number of splices: GT/AG |	214463
                       Number of splices: GC/AG |	1491
                       Number of splices: AT/AC |	239
               Number of splices: Non-canonical |	1829
                      Mismatch rate per base, % |	1.54%
                         Deletion rate per base |	0.05%
                        Deletion average length |	1.98
                        Insertion rate per base |	0.03%
                       Insertion average length |	1.81
                             MULTI-MAPPING READS:
        Number of reads mapped to multiple loci |	476010
             % of reads mapped to multiple loci |	11.64%
        Number of reads mapped to too many loci |	7602
             % of reads mapped to too many loci |	0.19%
                                  UNMAPPED READS:
  Number of reads unmapped: too many mismatches |	1087
       % of reads unmapped: too many mismatches |	0.03%
            Number of reads unmapped: too short |	1385740
                 % of reads unmapped: too short |	33.88%
                Number of reads unmapped: other |	728
                     % of reads unmapped: other |	0.02%
                                  CHIMERIC READS:
                       Number of chimeric reads |	0
                            % of chimeric reads |	0.00%
