                                 Started job on |	Apr 19 15:47:46
                             Started mapping on |	Apr 19 15:47:51
                                    Finished on |	Apr 19 15:52:13
       Mapping speed, Million of reads per hour |	68.11

                          Number of input reads |	4956586
                      Average input read length |	92
                                    UNIQUE READS:
                   Uniquely mapped reads number |	2724915
                        Uniquely mapped reads % |	54.98%
                          Average mapped length |	83.56
                       Number of splices: Total |	345088
            Number of splices: Annotated (sjdb) |	331148
                       Number of splices: GT/AG |	339945
                       Number of splices: GC/AG |	2195
                       Number of splices: AT/AC |	338
               Number of splices: Non-canonical |	2610
                      Mismatch rate per base, % |	1.66%
                         Deletion rate per base |	0.07%
                        Deletion average length |	1.97
                        Insertion rate per base |	0.04%
                       Insertion average length |	1.79
                             MULTI-MAPPING READS:
        Number of reads mapped to multiple loci |	457112
             % of reads mapped to multiple loci |	9.22%
        Number of reads mapped to too many loci |	7977
             % of reads mapped to too many loci |	0.16%
                                  UNMAPPED READS:
  Number of reads unmapped: too many mismatches |	1377
       % of reads unmapped: too many mismatches |	0.03%
            Number of reads unmapped: too short |	1764385
                 % of reads unmapped: too short |	35.60%
                Number of reads unmapped: other |	820
                     % of reads unmapped: other |	0.02%
                                  CHIMERIC READS:
                       Number of chimeric reads |	0
                            % of chimeric reads |	0.00%
