                                 Started job on |	Apr 19 15:57:03
                             Started mapping on |	Apr 19 15:57:07
                                    Finished on |	Apr 19 16:01:48
       Mapping speed, Million of reads per hour |	67.86

                          Number of input reads |	5296854
                      Average input read length |	91
                                    UNIQUE READS:
                   Uniquely mapped reads number |	2831671
                        Uniquely mapped reads % |	53.46%
                          Average mapped length |	82.94
                       Number of splices: Total |	369180
            Number of splices: Annotated (sjdb) |	354582
                       Number of splices: GT/AG |	363888
                       Number of splices: GC/AG |	2259
                       Number of splices: AT/AC |	349
               Number of splices: Non-canonical |	2684
                      Mismatch rate per base, % |	1.67%
                         Deletion rate per base |	0.06%
                        Deletion average length |	1.96
                        Insertion rate per base |	0.04%
                       Insertion average length |	1.80
                             MULTI-MAPPING READS:
        Number of reads mapped to multiple loci |	500357
             % of reads mapped to multiple loci |	9.45%
        Number of reads mapped to too many loci |	8521
             % of reads mapped to too many loci |	0.16%
                                  UNMAPPED READS:
  Number of reads unmapped: too many mismatches |	1485
       % of reads unmapped: too many mismatches |	0.03%
            Number of reads unmapped: too short |	1953846
                 % of reads unmapped: too short |	36.89%
                Number of reads unmapped: other |	974
                     % of reads unmapped: other |	0.02%
                                  CHIMERIC READS:
                       Number of chimeric reads |	0
                            % of chimeric reads |	0.00%
