                                 Started job on |	Apr 19 15:52:14
                             Started mapping on |	Apr 19 15:52:18
                                    Finished on |	Apr 19 15:57:03
       Mapping speed, Million of reads per hour |	72.21

                          Number of input reads |	5716951
                      Average input read length |	93
                                    UNIQUE READS:
                   Uniquely mapped reads number |	3234494
                        Uniquely mapped reads % |	56.58%
                          Average mapped length |	84.40
                       Number of splices: Total |	413693
            Number of splices: Annotated (sjdb) |	397984
                       Number of splices: GT/AG |	407755
                       Number of splices: GC/AG |	2545
                       Number of splices: AT/AC |	356
               Number of splices: Non-canonical |	3037
                      Mismatch rate per base, % |	1.61%
                         Deletion rate per base |	0.06%
                        Deletion average length |	1.97
                        Insertion rate per base |	0.04%
                       Insertion average length |	1.79
                             MULTI-MAPPING READS:
        Number of reads mapped to multiple loci |	547765
             % of reads mapped to multiple loci |	9.58%
        Number of reads mapped to too many loci |	9410
             % of reads mapped to too many loci |	0.16%
                                  UNMAPPED READS:
  Number of reads unmapped: too many mismatches |	1489
       % of reads unmapped: too many mismatches |	0.03%
            Number of reads unmapped: too short |	1922911
                 % of reads unmapped: too short |	33.64%
                Number of reads unmapped: other |	882
                     % of reads unmapped: other |	0.02%
                                  CHIMERIC READS:
                       Number of chimeric reads |	0
                            % of chimeric reads |	0.00%
